<?xml version="1.0" encoding="UTF-8"?>
<!-- Generated by org.testng.reporters.JUnitReportReporter -->
<testsuite hostname="DESKTOP-26MJ6VA" failures="0" tests="3" name="practice.DataProviderPracticeTest" time="0.013" errors="0" timestamp="2021-12-27T11:38:25 IST" skipped="0">
  <testcase classname="practice.DataProviderPracticeTest" name="readDataProviderPracticeTest" time="0.008"/>
  <system-out/>
  <testcase classname="practice.DataProviderPracticeTest" name="readDataProviderPracticeTest" time="0.003"/>
  <system-out/>
  <testcase classname="practice.DataProviderPracticeTest" name="readDataProviderPracticeTest" time="0.002"/>
  <system-out/>
</testsuite> <!-- practice.DataProviderPracticeTest -->
